Using TensorFlow backend.
run_date: 2019-11-27
date_folder: /home/imagetrekkml/ship-monitoring-data/data/20191127
aoi_file: /home/imagetrekkml/ship-monitoring-data/aoi/AOI_Bengkalis.geojson
mask_file: /home/imagetrekkml/ship-monitoring-data/landmask/AOI_Bengkalis_LandMask.geojson
image_folder: /home/imagetrekkml/ship-monitoring-data/data/20191127/AOI_Bengkalis
aoi_file: /home/imagetrekkml/ship-monitoring-data/aoi/AOI_Tanjung_Balai.geojson
mask_file: /home/imagetrekkml/ship-monitoring-data/landmask/AOI_Tanjung_Balai_LandMask.geojson
image_folder: /home/imagetrekkml/ship-monitoring-data/data/20191127/AOI_Tanjung_Balai
aoi_file: /home/imagetrekkml/ship-monitoring-data/aoi/AOI_Dumai.geojson
mask_file: /home/imagetrekkml/ship-monitoring-data/landmask/AOI_Dumai_LandMask.geojson
image_folder: /home/imagetrekkml/ship-monitoring-data/data/20191127/AOI_Dumai
aoi_file: /home/imagetrekkml/ship-monitoring-data/aoi/AOI_Batam.geojson
mask_file: /home/imagetrekkml/ship-monitoring-data/landmask/AOI_Batam_LandMask.geojson
image_folder: /home/imagetrekkml/ship-monitoring-data/data/20191127/AOI_Batam
aoi_file: /home/imagetrekkml/ship-monitoring-data/aoi/AOI_Semiun.geojson
mask_file: /home/imagetrekkml/ship-monitoring-data/landmask/AOI_Semiun_LandMask.geojson
image_folder: /home/imagetrekkml/ship-monitoring-data/data/20191127/AOI_Semiun
run_date: 2019-11-26
date_folder: /home/imagetrekkml/ship-monitoring-data/data/20191126
aoi_file: /home/imagetrekkml/ship-monitoring-data/aoi/AOI_Bengkalis.geojson
mask_file: /home/imagetrekkml/ship-monitoring-data/landmask/AOI_Bengkalis_LandMask.geojson
image_folder: /home/imagetrekkml/ship-monitoring-data/data/20191126/AOI_Bengkalis
aoi_file: /home/imagetrekkml/ship-monitoring-data/aoi/AOI_Tanjung_Balai.geojson
mask_file: /home/imagetrekkml/ship-monitoring-data/landmask/AOI_Tanjung_Balai_LandMask.geojson
image_folder: /home/imagetrekkml/ship-monitoring-data/data/20191126/AOI_Tanjung_Balai
aoi_file: /home/imagetrekkml/ship-monitoring-data/aoi/AOI_Dumai.geojson
mask_file: /home/imagetrekkml/ship-monitoring-data/landmask/AOI_Dumai_LandMask.geojson
image_folder: /home/imagetrekkml/ship-monitoring-data/data/20191126/AOI_Dumai
aoi_file: /home/imagetrekkml/ship-monitoring-data/aoi/AOI_Batam.geojson
mask_file: /home/imagetrekkml/ship-monitoring-data/landmask/AOI_Batam_LandMask.geojson
image_folder: /home/imagetrekkml/ship-monitoring-data/data/20191126/AOI_Batam
aoi_file: /home/imagetrekkml/ship-monitoring-data/aoi/AOI_Semiun.geojson
mask_file: /home/imagetrekkml/ship-monitoring-data/landmask/AOI_Semiun_LandMask.geojson
image_folder: /home/imagetrekkml/ship-monitoring-data/data/20191126/AOI_Semiun
run_date: 2019-11-25
date_folder: /home/imagetrekkml/ship-monitoring-data/data/20191125
aoi_file: /home/imagetrekkml/ship-monitoring-data/aoi/AOI_Bengkalis.geojson
mask_file: /home/imagetrekkml/ship-monitoring-data/landmask/AOI_Bengkalis_LandMask.geojson
image_folder: /home/imagetrekkml/ship-monitoring-data/data/20191125/AOI_Bengkalis
aoi_file: /home/imagetrekkml/ship-monitoring-data/aoi/AOI_Tanjung_Balai.geojson
mask_file: /home/imagetrekkml/ship-monitoring-data/landmask/AOI_Tanjung_Balai_LandMask.geojson
image_folder: /home/imagetrekkml/ship-monitoring-data/data/20191125/AOI_Tanjung_Balai
aoi_file: /home/imagetrekkml/ship-monitoring-data/aoi/AOI_Dumai.geojson
mask_file: /home/imagetrekkml/ship-monitoring-data/landmask/AOI_Dumai_LandMask.geojson
image_folder: /home/imagetrekkml/ship-monitoring-data/data/20191125/AOI_Dumai
aoi_file: /home/imagetrekkml/ship-monitoring-data/aoi/AOI_Batam.geojson
mask_file: /home/imagetrekkml/ship-monitoring-data/landmask/AOI_Batam_LandMask.geojson
image_folder: /home/imagetrekkml/ship-monitoring-data/data/20191125/AOI_Batam
aoi_file: /home/imagetrekkml/ship-monitoring-data/aoi/AOI_Semiun.geojson
mask_file: /home/imagetrekkml/ship-monitoring-data/landmask/AOI_Semiun_LandMask.geojson
image_folder: /home/imagetrekkml/ship-monitoring-data/data/20191125/AOI_Semiun
run_date: 2019-11-24
date_folder: /home/imagetrekkml/ship-monitoring-data/data/20191124
aoi_file: /home/imagetrekkml/ship-monitoring-data/aoi/AOI_Bengkalis.geojson
mask_file: /home/imagetrekkml/ship-monitoring-data/landmask/AOI_Bengkalis_LandMask.geojson
image_folder: /home/imagetrekkml/ship-monitoring-data/data/20191124/AOI_Bengkalis
aoi_file: /home/imagetrekkml/ship-monitoring-data/aoi/AOI_Tanjung_Balai.geojson
mask_file: /home/imagetrekkml/ship-monitoring-data/landmask/AOI_Tanjung_Balai_LandMask.geojson
image_folder: /home/imagetrekkml/ship-monitoring-data/data/20191124/AOI_Tanjung_Balai
aoi_file: /home/imagetrekkml/ship-monitoring-data/aoi/AOI_Dumai.geojson
mask_file: /home/imagetrekkml/ship-monitoring-data/landmask/AOI_Dumai_LandMask.geojson
image_folder: /home/imagetrekkml/ship-monitoring-data/data/20191124/AOI_Dumai
aoi_file: /home/imagetrekkml/ship-monitoring-data/aoi/AOI_Batam.geojson
mask_file: /home/imagetrekkml/ship-monitoring-data/landmask/AOI_Batam_LandMask.geojson
image_folder: /home/imagetrekkml/ship-monitoring-data/data/20191124/AOI_Batam
aoi_file: /home/imagetrekkml/ship-monitoring-data/aoi/AOI_Semiun.geojson
mask_file: /home/imagetrekkml/ship-monitoring-data/landmask/AOI_Semiun_LandMask.geojson
image_folder: /home/imagetrekkml/ship-monitoring-data/data/20191124/AOI_Semiun
